<?xml version="1.0" encoding="UTF-8"?>
<testsuite xmlns:xsi="http://www.w3.org/2001/XMLSchema-instance" xsi:noNamespaceSchemaLocation="https://maven.apache.org/surefire/maven-surefire-plugin/xsd/surefire-test-report-3.0.xsd" version="3.0" name="com.zixin.JwtTest" time="0.466" tests="2" errors="1" skipped="0" failures="0">
  <properties>
[...]
</properties>
  <testcase name="testGen" classname="com.zixin.JwtTest" time="0.35">
    <system-out><![CDATA[eyJhbGciOiJIUzI1NiIsInR5cCI6IkpXVCJ9.eyJ1c2VyIjp7ImlkIjoxLCJ1c2VybmFtZSI6ImFkbWluIn0sImV4cCI6MTcyMDc1NTIyOX0.F5xcpaQ1lGlTlFqzf1hEqDlxw4KkQzd_NOuMQYg1VGg
]]></system-out>
  </testcase>
  <testcase name="testParse" classname="com.zixin.JwtTest" time="0.072">
    <error message="The Token has expired on 2024-07-06T17:11:13Z." type="com.auth0.jwt.exceptions.TokenExpiredException"><![CDATA[com.auth0.jwt.exceptions.TokenExpiredException: The Token has expired on 2024-07-06T17:11:13Z.
	at com.auth0.jwt.JWTVerifier$BaseVerification.assertValidInstantClaim(JWTVerifier.java:346)
	at com.auth0.jwt.JWTVerifier$BaseVerification.lambda$addMandatoryClaimChecks$17(JWTVerifier.java:308)
	at com.auth0.jwt.JWTVerifier$BaseVerification$1.verify(JWTVerifier.java:405)
	at com.auth0.jwt.JWTVerifier.verifyClaims(JWTVerifier.java:482)
	at com.auth0.jwt.JWTVerifier.verify(JWTVerifier.java:464)
	at com.auth0.jwt.JWTVerifier.verify(JWTVerifier.java:445)
	at com.zixin.JwtTest.testParse(JwtTest.java:31)
	at java.base/java.lang.reflect.Method.invoke(Method.java:578)
	at java.base/java.util.ArrayList.forEach(ArrayList.java:1511)
	at java.base/java.util.ArrayList.forEach(ArrayList.java:1511)
]]></error>
  </testcase>
</testsuite>